[INFO ] 2024-06-09 11:32:45.609 [main] RestAssuredAutomationFramework - Create User Executed.
[INFO ] 2024-06-09 11:32:46.844 [main] RestAssuredAutomationFramework - Get User Data Executed.
[INFO ] 2024-06-09 11:32:49.223 [main] RestAssuredAutomationFramework - Update User Executed.
[INFO ] 2024-06-09 11:32:50.398 [main] RestAssuredAutomationFramework - Delete User Executed.
[INFO ] 2024-06-09 11:37:47.734 [main] RestAssuredAutomationFramework_test - Create User Executed.
[INFO ] 2024-06-09 11:37:48.909 [main] RestAssuredAutomationFramework_test - Get User Data Executed.
[INFO ] 2024-06-09 11:37:51.239 [main] RestAssuredAutomationFramework_test - Update User Executed.
[INFO ] 2024-06-09 11:37:52.370 [main] RestAssuredAutomationFramework_test - Delete User Executed.
[INFO ] 2024-06-09 12:25:28.636 [main] RestAssuredAutomationFramework_test - Create User Executed.
[INFO ] 2024-06-09 12:25:29.864 [main] RestAssuredAutomationFramework_test - Get User Data Executed.
[INFO ] 2024-06-09 12:25:32.158 [main] RestAssuredAutomationFramework_test - Update User Executed.
[INFO ] 2024-06-09 12:25:33.286 [main] RestAssuredAutomationFramework_test - Delete User Executed.
[INFO ] 2024-06-13 05:54:15.780 [main] RestAssuredAutomationFramework_test - Create User Executed.
[INFO ] 2024-06-13 05:54:17.041 [main] RestAssuredAutomationFramework_test - Get User Data Executed.
[INFO ] 2024-06-13 05:54:19.388 [main] RestAssuredAutomationFramework_test - Update User Executed.
[INFO ] 2024-06-13 05:54:20.548 [main] RestAssuredAutomationFramework_test - Delete User Executed.
[INFO ] 2024-06-13 05:54:21.851 [main] RestAssuredAutomationFramework_test - Create User Executed.
[INFO ] 2024-06-13 05:54:23.016 [main] RestAssuredAutomationFramework_test - Get User Data Executed.
[INFO ] 2024-06-13 05:54:25.335 [main] RestAssuredAutomationFramework_test - Update User Executed.
[INFO ] 2024-06-13 05:54:26.507 [main] RestAssuredAutomationFramework_test - Delete User Executed.
[INFO ] 2024-06-13 05:56:22.490 [main] RestAssuredAutomationFramework_test - Create User Executed.
[INFO ] 2024-06-13 05:56:23.693 [main] RestAssuredAutomationFramework_test - Get User Data Executed.
[INFO ] 2024-06-13 05:56:25.973 [main] RestAssuredAutomationFramework_test - Update User Executed.
[INFO ] 2024-06-13 05:56:27.082 [main] RestAssuredAutomationFramework_test - Delete User Executed.
[INFO ] 2024-06-13 06:00:30.781 [main] RestAssuredAutomationFramework_test - Create User Executed.
[INFO ] 2024-06-13 06:00:32.036 [main] RestAssuredAutomationFramework_test - Get User Data Executed.
[INFO ] 2024-06-13 06:00:34.386 [main] RestAssuredAutomationFramework_test - Update User Executed.
[INFO ] 2024-06-13 06:00:35.564 [main] RestAssuredAutomationFramework_test - Delete User Executed.
[INFO ] 2024-06-13 06:03:33.943 [main] RestAssuredAutomationFramework_test - Create User Executed.
[INFO ] 2024-06-13 06:03:35.209 [main] RestAssuredAutomationFramework_test - Get User Data Executed.
[INFO ] 2024-06-13 06:03:37.515 [main] RestAssuredAutomationFramework_test - Update User Executed.
[INFO ] 2024-06-13 06:03:38.601 [main] RestAssuredAutomationFramework_test - Delete User Executed.
[INFO ] 2024-06-13 06:16:55.423 [main] RestAssuredAutomationFramework_test - Create User Executed.
[INFO ] 2024-06-13 06:16:56.629 [main] RestAssuredAutomationFramework_test - Get User Data Executed.
[INFO ] 2024-06-13 06:16:58.877 [main] RestAssuredAutomationFramework_test - Update User Executed.
[INFO ] 2024-06-13 06:17:00.011 [main] RestAssuredAutomationFramework_test - Delete User Executed.
[INFO ] 2024-06-17 05:05:43.777 [main] RestAssuredAutomationFramework_test - Create User Executed.
[INFO ] 2024-06-17 05:05:45.055 [main] RestAssuredAutomationFramework_test - Get User Data Executed.
[INFO ] 2024-06-17 05:05:47.298 [main] RestAssuredAutomationFramework_test - Update User Executed.
[INFO ] 2024-06-17 05:05:48.413 [main] RestAssuredAutomationFramework_test - Delete User Executed.
[INFO ] 2024-06-17 05:08:55.717 [main] RestAssuredAutomationFramework_test - Create User Executed.
[INFO ] 2024-06-17 05:08:56.930 [main] RestAssuredAutomationFramework_test - Get User Data Executed.
[INFO ] 2024-06-17 05:08:59.374 [main] RestAssuredAutomationFramework_test - Update User Executed.
[INFO ] 2024-06-17 05:09:00.652 [main] RestAssuredAutomationFramework_test - Delete User Executed.
[INFO ] 2024-06-17 05:09:30.935 [main] RestAssuredAutomationFramework_test - Create User Executed.
[INFO ] 2024-06-17 05:09:32.154 [main] RestAssuredAutomationFramework_test - Get User Data Executed.
[INFO ] 2024-06-17 05:09:34.336 [main] RestAssuredAutomationFramework_test - Update User Executed.
[INFO ] 2024-06-17 05:09:35.467 [main] RestAssuredAutomationFramework_test - Delete User Executed.
